<?xml version="1.0" encoding="UTF-8"?>
<persistence version="2.0"
             xmlns="http://java.sun.com/xml/ns/persistence"
             xmlns:xsi="http://www.w3.org/2001/XMLSchema-instance"
             xsi:schemaLocation="http://java.sun.com/xml/ns/persistence http://java.sun.com/xml/ns/persistence/persistence_2_0.xsd">
    <persistence-unit name="valintaperusteet" transaction-type="RESOURCE_LOCAL">
        <provider>org.hibernate.ejb.HibernatePersistence</provider>
        <non-jta-data-source>mainDataSource</non-jta-data-source>

        <class>fi.vm.sade.service.valintaperusteet.model.Hakijaryhma</class>
        <class>fi.vm.sade.service.valintaperusteet.model.Hakijaryhmatyyppikoodi</class>
        <class>fi.vm.sade.service.valintaperusteet.model.HakijaryhmaValintatapajono</class>
        <class>fi.vm.sade.service.valintaperusteet.model.HakukohdeViite</class>
        <class>fi.vm.sade.service.valintaperusteet.model.HakukohteenValintaperuste</class>
        <class>fi.vm.sade.service.valintaperusteet.model.Valintatapajono</class>
        <class>fi.vm.sade.service.valintaperusteet.model.Jarjestyskriteeri</class>
        <class>fi.vm.sade.service.valintaperusteet.model.Koodi</class>
        <class>fi.vm.sade.service.valintaperusteet.model.Hakukohdekoodi</class>
        <class>fi.vm.sade.service.valintaperusteet.model.Valintakoekoodi</class>
        <class>fi.vm.sade.service.valintaperusteet.model.Tulos</class>
        <class>fi.vm.sade.service.valintaperusteet.model.ValinnanVaihe</class>
        <class>fi.vm.sade.service.valintaperusteet.model.Valintakoe</class>
        <class>fi.vm.sade.service.valintaperusteet.model.Valintaryhma</class>
        <class>fi.vm.sade.service.valintaperusteet.model.Organisaatio</class>
        <shared-cache-mode>NONE</shared-cache-mode>

        <properties>
            <property name="hibernate.hbm2ddl.auto" value="update"/>
            <property name="hibernate.show_sql" value="false"/>
            <property name="hibernate.dialect" value="org.hibernate.dialect.PostgreSQL82Dialect"/>
            <!--<property name="current_session_context_class" value="org.hibernate.context.ManagedSessionContext" />-->
            <property name="hibernate.cache.use_second_level_cache" value="false"/>
            <property name="hibernate.cache.use_query_cache" value="false"/>
            <!--<property name="cache.provider_class" value="org.hibernate.cache.NoCacheProvider" />-->
        </properties>
    </persistence-unit>
</persistence>
