<?xml version="1.0" encoding="UTF-8"?>
<persistence version="2.0"
             xmlns="http://java.sun.com/xml/ns/persistence"
             xmlns:xsi="http://www.w3.org/2001/XMLSchema-instance"
             xsi:schemaLocation="http://java.sun.com/xml/ns/persistence http://java.sun.com/xml/ns/persistence/persistence_2_0.xsd">
    <persistence-unit name="valintaperusteet" transaction-type="RESOURCE_LOCAL">
        <provider>org.hibernate.ejb.HibernatePersistence</provider>

        <class>fi.vm.sade.service.valintaperusteet.model.Funktiokutsu</class>
        <class>fi.vm.sade.service.valintaperusteet.model.Funktioargumentti</class>
        <class>fi.vm.sade.service.valintaperusteet.model.Hakijaryhma</class>
        <class>fi.vm.sade.service.valintaperusteet.model.HakijaryhmaValintatapajono</class>
        <class>fi.vm.sade.service.valintaperusteet.model.HakukohdeViite</class>
        <class>fi.vm.sade.service.valintaperusteet.model.HakukohteenValintaperuste</class>
        <class>fi.vm.sade.service.valintaperusteet.model.Valintatapajono</class>
        <class>fi.vm.sade.service.valintaperusteet.model.Jarjestyskriteeri</class>
        <class>fi.vm.sade.service.valintaperusteet.model.Koodi</class>
        <class>fi.vm.sade.service.valintaperusteet.model.Konvertteriparametri</class>
        <class>fi.vm.sade.service.valintaperusteet.model.Hakukohdekoodi</class>
        <class>fi.vm.sade.service.valintaperusteet.model.Valintakoekoodi</class>
        <class>fi.vm.sade.service.valintaperusteet.model.Arvokonvertteriparametri</class>
        <class>fi.vm.sade.service.valintaperusteet.model.Arvovalikonvertteriparametri</class>
        <class>fi.vm.sade.service.valintaperusteet.model.Laskentakaava</class>
        <class>fi.vm.sade.service.valintaperusteet.model.Syoteparametri</class>
        <class>fi.vm.sade.service.valintaperusteet.model.Tulos</class>
        <class>fi.vm.sade.service.valintaperusteet.model.ValinnanVaihe</class>
        <class>fi.vm.sade.service.valintaperusteet.model.Valintakoe</class>
        <class>fi.vm.sade.service.valintaperusteet.model.ValintaperusteViite</class>
        <class>fi.vm.sade.service.valintaperusteet.model.Valintaryhma</class>
        <class>fi.vm.sade.service.valintaperusteet.model.Organisaatio</class>
        <shared-cache-mode>NONE</shared-cache-mode>

        <properties>
            <property name="hibernate.hbm2ddl.auto" value="update"/>
            <property name="hibernate.show_sql" value="true"/>
            <property name="hibernate.dialect" value="org.hibernate.dialect.HSQLDialect"/>
            <property name="hibernate.connection.driver_class" value="org.hsqldb.jdbcDriver"/>
            <property name="hibernate.connection.url" value="jdbc:hsqldb:mem:valintaperusteet"/>
            <property name="hibernate.connection.username" value="sa"/>
            <property name="hibernate.connection.password" value=""/>
        </properties>
    </persistence-unit>
</persistence>