<?xml version='1.0' encoding='UTF-8'?>
<dataset>

    <valintaryhma id="1" version="0" oid="oid1" nimi="Valintaryhma 1" parent_id="[NULL]" />

    <hakukohde_viite id="2" version="0" hakuoid="hakuoid1" oid="oid2" nimi="haku2" valintaryhma_id="1"
                     manuaalisesti_siirretty="[NULL]"/>


    <valinnan_vaihe valinnan_vaihe_tyyppi="TAVALLINEN" id="2" version="0" oid="valinnanvaihe2"
                    nimi="valinnanvaihe2" aktiivinen="true" kuvaus="kuvaus" valintaryhma_id="1" />

    <valinnan_vaihe valinnan_vaihe_tyyppi="TAVALLINEN" id="3" version="0" oid="3" hakukohde_viite_id="2"
                    nimi="valinnanvaihe" aktiivinen="true" kuvaus="kuvaus" master_valinnan_vaihe_id="2"/>


    <valintatapajono poissa_oleva_taytto="false" kaytetaan_valintalaskentaa="true" varasijat="0" id="2" version="0"
                     oid="2" aloituspaikat="18" nimi="Jono 2" poistetaanko_hylatyt="false"
                     kuvaus="kuvaus" tasapistesaanto="ARVONTA" siirretaan_sijoitteluun="true" valinnan_vaihe_id="2"
                     aktiivinen="true" tyyppi="valintatapajono_kp"
                     ei_varasijatayttoa="false" kaikki_ehdon_tayttavat_hyvaksytaan="false" valisijoittelu="true" automaattinen_sijoitteluun_siirto="true"/>

    <valintatapajono poissa_oleva_taytto="false" kaytetaan_valintalaskentaa="true" varasijat="0" id="3" version="0"
                     oid="3" aloituspaikat="18" nimi="Jono 2" poistetaanko_hylatyt="false"
                     kuvaus="kuvaus" tasapistesaanto="ARVONTA" siirretaan_sijoitteluun="true" valinnan_vaihe_id="3"
                     aktiivinen="true" master_valintatapajono_id="2" tyyppi="valintatapajono_kp"
                     ei_varasijatayttoa="false" kaikki_ehdon_tayttavat_hyvaksytaan="false" valisijoittelu="true" automaattinen_sijoitteluun_siirto="true"/>

    <valintatapajono poissa_oleva_taytto="false" kaytetaan_valintalaskentaa="true" varasijat="0" id="4" version="0"
                     oid="4" aloituspaikat="18" nimi="Täyttöjono" poistetaanko_hylatyt="false"
                     kuvaus="kuvaus" tasapistesaanto="ARVONTA" siirretaan_sijoitteluun="true" valinnan_vaihe_id="2"
                     aktiivinen="true" edellinen_valintatapajono_id="2" tyyppi="valintatapajono_kp"
                     ei_varasijatayttoa="false" kaikki_ehdon_tayttavat_hyvaksytaan="false" valisijoittelu="true" automaattinen_sijoitteluun_siirto="true"/>

    <valintatapajono poissa_oleva_taytto="false" kaytetaan_valintalaskentaa="true" varasijat="0" id="5" version="0"
                     oid="5" aloituspaikat="18" nimi="Täyttöjono" poistetaanko_hylatyt="false"
                     kuvaus="kuvaus" tasapistesaanto="ARVONTA" siirretaan_sijoitteluun="true" valinnan_vaihe_id="3"
                     aktiivinen="true" master_valintatapajono_id="4" edellinen_valintatapajono_id="3" tyyppi="valintatapajono_kp"
                     ei_varasijatayttoa="false" kaikki_ehdon_tayttavat_hyvaksytaan="false" valisijoittelu="true" automaattinen_sijoitteluun_siirto="true"/>

    <valintatapajono poissa_oleva_taytto="false" kaytetaan_valintalaskentaa="true" varasijat="0" id="6" version="0"
                     oid="6" aloituspaikat="18" nimi="Kolmas jono" poistetaanko_hylatyt="false"
                     kuvaus="kuvaus" tasapistesaanto="ARVONTA" siirretaan_sijoitteluun="true" valinnan_vaihe_id="2"
                     aktiivinen="true" edellinen_valintatapajono_id="4" tyyppi="valintatapajono_kp"
                     ei_varasijatayttoa="false" kaikki_ehdon_tayttavat_hyvaksytaan="false" valisijoittelu="true" automaattinen_sijoitteluun_siirto="true"/>

    <valintatapajono poissa_oleva_taytto="false" kaytetaan_valintalaskentaa="true" varasijat="0" id="7" version="0"
                     oid="7" aloituspaikat="18" nimi="Kolmas jono" poistetaanko_hylatyt="false"
                     kuvaus="kuvaus" tasapistesaanto="ARVONTA" siirretaan_sijoitteluun="true" valinnan_vaihe_id="3"
                     aktiivinen="true" master_valintatapajono_id="6" edellinen_valintatapajono_id="5" tyyppi="valintatapajono_kp"
                     ei_varasijatayttoa="false" kaikki_ehdon_tayttavat_hyvaksytaan="false" valisijoittelu="true" automaattinen_sijoitteluun_siirto="true"/>

    <valintaryhma id="2" version="0" oid="oid2" nimi="Valintaryhma 2" parent_id="[NULL]" />

    <funktiokutsu id="2" version="0" funktionimi="SUMMA" tallenna_tulos="false" oma_opintopolku="false"/>
    <laskentakaava id="2" version="0" valintaryhmaviite="2" funktiokutsu_id="2" on_luonnos="false" nimi="Ammatillinen koulutus, lisäpiste" tyyppi="LUKUARVOFUNKTIO" />
    <jarjestyskriteeri id="2" version="0" oid="jarjestyskriteeriOid2" aktiivinen="true" valintatapajono_id="2" laskentakaava_id="2"/>

    <valintaryhma id="3" version="0" oid="oid3" nimi="Valintaryhma 3" parent_id="2" />

    <funktiokutsu id="3" version="0" funktionimi="JOS" tallenna_tulos="false" oma_opintopolku="false"/>
    <laskentakaava id="3" version="0" valintaryhmaviite="3" funktiokutsu_id="3" on_luonnos="false" nimi="Ammatillinen koulutus, lisäpiste2" tyyppi="LUKUARVOFUNKTIO" />
    <funktioargumentti id="3" version="0" indeksi="1" funktiokutsuparent_id="3" laskentakaavachild_id="2"/>

    <valintaryhma id="4" version="0" oid="oid4" nimi="Valintaryhma 4" parent_id="1" />

    <funktiokutsu id="4" version="0" funktionimi="JOS" tallenna_tulos="false" oma_opintopolku="false"/>
    <laskentakaava id="4" version="0" valintaryhmaviite="4" funktiokutsu_id="4" on_luonnos="false" nimi="Ammatillinen koulutus, lisäpiste3" tyyppi="LUKUARVOFUNKTIO" />
    <funktioargumentti id="4" version="0" indeksi="1" funktiokutsuparent_id="4" laskentakaavachild_id="2"/>

    <hakijaryhma id="1" version="0" kiintio="0" tarkkakiintio="false" kaytetaan_ryhmaan_kuuluvia="true" kaytakaikki="false"  oid="hakijaryhmaOid1" nimi="Hakijaryhma 1" valintaryhma_id="1" laskentakaava_id="2"/>
    <hakijaryhmatyyppikoodi />
    <hakijaryhma_jono  id="1" version="0" kiintio="0" tarkkakiintio="false" oid="hakijaryhmaJonoOid1" hakijaryhma_id="1" kaytetaan_ryhmaan_kuuluvia="true" kaytakaikki="false" valintatapajono_id="2" aktiivinen="true"/>
    <syoteparametri />
    <valintaperuste_viite />

    <valintakoe />
    <hakukohteen_valintaperuste />
    <hakukohde_viite_opetuskielikoodi />
    <opetuskielikoodi />
    <valintaryhma_opetuskielikoodi />
    <valintakoekoodi />
    <valintaryhma_valintakoekoodi />
    <hakukohde_viite_valintakoekoodi />
    <valintaryhma_hakukohdekoodi />
    <arvokonvertteriparametri />
    <arvovalikonvertteriparametri />
    <syotettavanarvonkoodi />
</dataset>
