<?xml version="1.0" encoding="UTF-8"?>
<beans xmlns="http://www.springframework.org/schema/beans"
       xmlns:xsi="http://www.w3.org/2001/XMLSchema-instance"
       xsi:schemaLocation="http://www.springframework.org/schema/beans http://www.springframework.org/schema/beans/spring-beans.xsd">

    <import resource="classpath:test-db-context.xml"/>
    <import resource="classpath:spring/service-context.xml"/>

    <bean id="laskentaService" class="fi.vm.sade.service.valintaperusteet.laskenta.api.LaskentaServiceImpl"/>
    <bean id="ValintaperusteetUrlProperties" class="fi.vm.sade.service.valintaperusteet.util.ValintaperusteetUrlProperties"/>
    <bean id="VtsRestClient" class="fi.vm.sade.service.valintaperusteet.util.VtsRestClient"/>
    <bean id="fakeAuthenticationInitializer" class="fi.vm.sade.valinta.sharedutils.FakeAuthenticationInitialiser"/>
    <bean id="valintalaskentakoostepalveluResource" class="fi.vm.sade.service.valintaperusteet.resource.impl.ValintalaskentakoostepalveluResourceImpl"/>
</beans>
