<?xml version="1.0" encoding="windows-1252"?>
<beans xmlns="http://www.springframework.org/schema/beans"
       xmlns:xsi="http://www.w3.org/2001/XMLSchema-instance"
       xmlns:context="http://www.springframework.org/schema/context"
       xmlns:tx="http://www.springframework.org/schema/tx"
       xsi:schemaLocation="
       http://www.springframework.org/schema/beans
       http://www.springframework.org/schema/beans/spring-beans-3.0.xsd
       http://www.springframework.org/schema/context
       http://www.springframework.org/schema/context/spring-context-3.0.xsd
       http://www.springframework.org/schema/tx
       http://www.springframework.org/schema/tx/spring-tx-3.0.xsd">

    <bean id="genericDAO" class="fi.vm.sade.generic.dao.GenericDAOImpl" />
    <context:annotation-config />
    <context:component-scan base-package="fi.vm.sade.service.valintaperusteet.dao.impl" />

    <bean id="dataSource" class="com.mchange.v2.c3p0.ComboPooledDataSource"
          destroy-method="close">
        <!-- Connection properties -->
        <property name="driverClass" value="org.hsqldb.jdbcDriver" />
        <property name="jdbcUrl" value="jdbc:hsqldb:mem:valintaperusteet" />
        <property name="user" value="sa" />
        <property name="password" value="" />
        <!-- Pool properties -->
        <property name="minPoolSize" value="2" />
        <property name="maxPoolSize" value="20" />
        <!--<property name="numHelperThreads" value="6" />-->
        <property name="maxStatements" value="50" />
        <property name="idleConnectionTestPeriod" value="3000" />
        <!--<property name="unreturnedConnectionTimeout" value="3000" />-->
        <property name="debugUnreturnedConnectionStackTraces" value="true" />
    </bean>

    <!-- Add EntityManagerFactory (required by jta) support -->
    <bean id="emf" class="org.springframework.orm.jpa.LocalContainerEntityManagerFactoryBean">
        <property name="loadTimeWeaver">
            <bean class="org.springframework.instrument.classloading.InstrumentationLoadTimeWeaver" />
        </property>
        <property name="jpaPropertyMap">
            <map>
                <entry key="hibernate.show_sql" value="true" />
            </map>
        </property>
        <property name="persistenceXmlLocation" value="classpath:META-INF/test-persistence.xml" />
        <!--<property name="dataSource" ref="dataSource" />-->
    </bean>
    <!-- transaction manager -->
    <bean id="transactionManager" class="org.springframework.orm.jpa.JpaTransactionManager">
        <property name="entityManagerFactory" ref="emf" />
    </bean>
    <!-- enable spring annotation driven transactions -->
    <tx:annotation-driven transaction-manager="transactionManager" />

</beans>