<?xml version="1.0" encoding="utf-8"?>

    <dataset>
        <funktioargumentti id="15" version="0" indeksi="1" funktiokutsuchild_id="12" funktiokutsuparent_id="9"/>

        <funktiokutsu tallenna_tulos="true" id="12" version="0" funktionimi="HAELUKUARVO"/>
        <funktiokutsu tallenna_tulos="true" id="9" version="2" funktionimi="NIMETTYLUKUARVO"/>

        <valintaryhma id="1" version="0" nimi="valintaryhma1" oid="vr1"/>
        <valintaryhma id="39" version="2" nimi="valintaryhma2" oid="vr2" parent_id="1"/>
        <valintaryhma id="60" version="2" nimi="valintaryhma3" oid="vr3"/>
        <valintaryhma id="80" version="2" nimi="valintaryhma4" oid="vr4"/>

        <hakijaryhmatyyppikoodi id="1" version="0" uri="hakijaryhmantyypit_ensikertalaiset" arvo="hakijaryhmantyypit_ensikertalaiset" nimi_fi="hakijaryhmantyypit_ensikertalaiset nimi"/>
        <hakijaryhmatyyppikoodi id="2" version="0" uri="hakijaryhmantyypit_muu" arvo="hakijaryhmantyypit_muu" nimi_fi="hakijaryhmantyypit_muu nimi"/>

        <hakijaryhma id="25" version="0" kiintio="20" kuvaus="" nimi="hakijaryhma 1" oid="hr1" laskentakaava_id="11" hakijaryhmatyyppikoodi_id="1" valintaryhma_id="1" kaytaKaikki="false" tarkkaKiintio="false" kaytetaan_ryhmaan_kuuluvia="true"/>
        <hakijaryhma id="26" version="0" kiintio="20" kuvaus="" nimi="hakijaryhma 2" oid="hr2" laskentakaava_id="11" hakijaryhmatyyppikoodi_id="2" kaytaKaikki="false" tarkkaKiintio="false" kaytetaan_ryhmaan_kuuluvia="true"/>
        <hakijaryhma id="34" version="0" kiintio="20" kuvaus="" nimi="hakukohde hakijaryhma 1" oid="hr3" laskentakaava_id="11" kaytaKaikki="false" tarkkaKiintio="false" kaytetaan_ryhmaan_kuuluvia="true"/>
        <hakijaryhma id="37" version="0" kiintio="44" kuvaus="" nimi="hakukohde hakijaryhma 2" oid="hr4" laskentakaava_id="11" kaytaKaikki="false" tarkkaKiintio="false" kaytetaan_ryhmaan_kuuluvia="true"/>
        <hakijaryhma id="43" version="0" kiintio="20" kuvaus="" nimi="hakijaryhma 5" oid="hr5" laskentakaava_id="11" valintaryhma_id="39" kaytaKaikki="false" tarkkaKiintio="false" kaytetaan_ryhmaan_kuuluvia="true"/>

        <hakijaryhma id="50" version="0" kiintio="20" kuvaus="" nimi="hakijaryhma 6" oid="hr6" laskentakaava_id="11" hakijaryhmatyyppikoodi_id="1" valintaryhma_id="80" kaytaKaikki="false" tarkkaKiintio="false" kaytetaan_ryhmaan_kuuluvia="true"/>
        <hakijaryhma id="51" version="0" kiintio="20" kuvaus="" nimi="hakijaryhma 7" oid="hr7" laskentakaava_id="11" hakijaryhmatyyppikoodi_id="1" valintaryhma_id="80" kaytaKaikki="false" tarkkaKiintio="false" kaytetaan_ryhmaan_kuuluvia="true" edellinen_hakijaryhma_id="50"/>

        <hakijaryhma_jono id="31" version="0" aktiivinen="true" oid="hr1_vtj1" hakijaryhma_id="25" valintatapajono_id="5" kiintio="20" kaytaKaikki="false" tarkkaKiintio="false" kaytetaan_ryhmaan_kuuluvia="true"/>
        <hakijaryhma_jono id="32" version="0" aktiivinen="true" oid="hr2_vtj2" hakijaryhma_id="26" master_hakijaryhma_jono_id="31" valintatapajono_id="6" hakukohde_viite_id="2" kiintio="20" kaytaKaikki="false" tarkkaKiintio="false" kaytetaan_ryhmaan_kuuluvia="true"/>
        <hakijaryhma_jono id="36" version="0" aktiivinen="true" oid="hr3_vtj5" hakijaryhma_id="34" edellinen_hakijaryhma_jono_id="32" valintatapajono_id="35" hakukohde_viite_id="2" kiintio="20" kaytaKaikki="false" tarkkaKiintio="false" kaytetaan_ryhmaan_kuuluvia="true"/>
        <hakijaryhma_jono id="38" version="0" aktiivinen="true" oid="hr4_vtj2" hakijaryhma_id="37" edellinen_hakijaryhma_jono_id="36" valintatapajono_id="6" hakukohde_viite_id="2" kiintio="20" kaytaKaikki="false" tarkkaKiintio="false" kaytetaan_ryhmaan_kuuluvia="true"/>
        <hakijaryhma_jono id="44" version="0" aktiivinen="true" oid="hr5_vtj6" hakijaryhma_id="43" valintatapajono_id="41" kiintio="20" kaytaKaikki="false" tarkkaKiintio="false" kaytetaan_ryhmaan_kuuluvia="true"/>

        <hakukohde_viite id="2" version="0" hakuoid="1" nimi="valintaryhma1 - hakukohde1" oid="1" valintaryhma_id="1" manuaalisesti_siirretty="false"/>

        <laskentakaava id="11" version="1" nimi="laskentakaava" on_luonnos="false" tyyppi="LUKUARVOFUNKTIO" funktiokutsu_id="9" valintaryhmaviite="1"/>

        <syoteparametri id="13" version="0" arvo="1" avain="oletusarvo" funktiokutsu_id="12"/>
        <syoteparametri id="16" version="0" arvo="laskentakaava" avain="nimi" funktiokutsu_id="9"/>

        <valinnan_vaihe id="3" version="0" aktiivinen="true" nimi="valinnanvaihe 1" oid="vv1" valinnan_vaihe_tyyppi="TAVALLINEN" valintaryhma_id="1"/>
        <valinnan_vaihe id="4" version="0" aktiivinen="true" nimi="valinnanvaihe 1" oid="vv2" valinnan_vaihe_tyyppi="TAVALLINEN" hakukohde_viite_id="2" master_valinnan_vaihe_id="3"/>
        <valinnan_vaihe id="40" version="2" aktiivinen="true" nimi="valinnanvaihe 1" oid="vv3" valinnan_vaihe_tyyppi="TAVALLINEN" master_valinnan_vaihe_id="3" valintaryhma_id="39"/>

        <valintaperuste_viite id="14" version="0" lahde="HAETTAVA_ARVO" on_pakollinen="false" tunniste="id" funktiokutsu_id="12" indeksi="1" kuvaus="kuvaus" vaatii_osallistumisen="true" syotettavissa_kaikille="false"/>



        <valintatapajono poissa_oleva_taytto="false" kaytetaan_valintalaskentaa="true" varasijat="0" id="5" version="3" aktiivinen="true" aloituspaikat="20" nimi="jono 1" oid="vtj1" siirretaan_sijoitteluun="false" tasapistesaanto="YLITAYTTO"
                         valinnan_vaihe_id="3" ei_varasijatayttoa="false" valisijoittelu="false" automaattinen_laskentaan_siirto="true" poistetaanko_hylatyt="false"/>
        <valintatapajono poissa_oleva_taytto="false" kaytetaan_valintalaskentaa="true" varasijat="0" id="6" version="1" aktiivinen="true" aloituspaikat="20" nimi="jono 1" oid="vtj2" siirretaan_sijoitteluun="false" tasapistesaanto="YLITAYTTO"
                         master_valintatapajono_id="5" valinnan_vaihe_id="4" ei_varasijatayttoa="false" valisijoittelu="false" automaattinen_laskentaan_siirto="true" poistetaanko_hylatyt="false"/>
        <valintatapajono poissa_oleva_taytto="false" kaytetaan_valintalaskentaa="true" varasijat="0" id="7" version="0" aktiivinen="true" aloituspaikat="10" kuvaus="" nimi="jono 2" oid="vtj3" siirretaan_sijoitteluun="false" tasapistesaanto="YLITAYTTO"
                         edellinen_valintatapajono_id="5" valinnan_vaihe_id="3" ei_varasijatayttoa="false" valisijoittelu="false" automaattinen_laskentaan_siirto="true" poistetaanko_hylatyt="false"/>
        <valintatapajono poissa_oleva_taytto="false" kaytetaan_valintalaskentaa="true" varasijat="0" id="8" version="0" aktiivinen="true" aloituspaikat="10" kuvaus="" nimi="jono 2" oid="vtj4" siirretaan_sijoitteluun="false" tasapistesaanto="YLITAYTTO"
                         edellinen_valintatapajono_id="6" master_valintatapajono_id="7" valinnan_vaihe_id="4" ei_varasijatayttoa="false" valisijoittelu="false" automaattinen_laskentaan_siirto="true" poistetaanko_hylatyt="false"/>
        <valintatapajono poissa_oleva_taytto="false" kaytetaan_valintalaskentaa="true" varasijat="0" id="35" version="0" aktiivinen="true" aloituspaikat="10" nimi="hakukohde jono" oid="vtj5" siirretaan_sijoitteluun="false" tasapistesaanto="YLITAYTTO"
                         edellinen_valintatapajono_id="8" valinnan_vaihe_id="4" ei_varasijatayttoa="false" valisijoittelu="false" automaattinen_laskentaan_siirto="true" poistetaanko_hylatyt="false"/>
        <valintatapajono poissa_oleva_taytto="false" kaytetaan_valintalaskentaa="true" varasijat="0" id="41" version="0" aktiivinen="true" aloituspaikat="20" nimi="jono 1" oid="vtj6" siirretaan_sijoitteluun="false" tasapistesaanto="YLITAYTTO"
                         master_valintatapajono_id="5" valinnan_vaihe_id="40" ei_varasijatayttoa="false" valisijoittelu="false" automaattinen_laskentaan_siirto="true" poistetaanko_hylatyt="false"/>
        <valintatapajono poissa_oleva_taytto="false" kaytetaan_valintalaskentaa="true" varasijat="0" id="42" version="0" aktiivinen="true" aloituspaikat="10" kuvaus="" nimi="jono 2" oid="vtj7" siirretaan_sijoitteluun="false" tasapistesaanto="YLITAYTTO"
                         edellinen_valintatapajono_id="41" master_valintatapajono_id="7" valinnan_vaihe_id="40" ei_varasijatayttoa="false" valisijoittelu="false" automaattinen_laskentaan_siirto="true" poistetaanko_hylatyt="false"/>

        <jarjestyskriteeri />
        <valintakoe />
        <hakukohteen_valintaperuste />
        <hakukohde_viite_opetuskielikoodi />
        <opetuskielikoodi />
        <valintaryhma_opetuskielikoodi />
        <valintakoekoodi />
        <valintaryhma_valintakoekoodi />
        <hakukohde_viite_valintakoekoodi />
        <valintaryhma_hakukohdekoodi />
        <arvokonvertteriparametri />
        <arvovalikonvertteriparametri />
        <syotettavanarvonkoodi />
</dataset>
